<?xml version="1.0" encoding="UTF-8"?>
<!-- Generated by org.testng.reporters.JUnitReportReporter -->
<testsuite hostname="LAPTOP-2RU4J5UR" failures="0" tests="1" name="com.google.qa.FirstTest" time="30.856" errors="0" timestamp="14 ene. 2023 17:56:26 GMT" skipped="0">
  <testcase classname="com.google.qa.FirstTest" name="f" time="30.856"/>
</testsuite> <!-- com.google.qa.FirstTest -->
